  Camera.cpp
  main.cpp
C:\Users\gabri\OneDrive\Documents\USB\Sep - Dic 2024\Computacion Grafica\Proyectos VSCode\Object.h(10,10): warning C4067: unexpected tokens following preprocessor directive - expected a newline
  (compiling source file 'main.cpp')
  
  Mesh.cpp
C:\Users\gabri\OneDrive\Documents\USB\Sep - Dic 2024\Computacion Grafica\Proyectos VSCode\Mesh.cpp(52,43): warning C4267: 'argument': conversion from 'size_t' to 'GLsizei', possible loss of data
  Object.cpp
C:\Users\gabri\OneDrive\Documents\USB\Sep - Dic 2024\Computacion Grafica\Proyectos VSCode\Object.h(10,10): warning C4067: unexpected tokens following preprocessor directive - expected a newline
  (compiling source file 'Object.cpp')
  
C:\Users\gabri\OneDrive\Documents\USB\Sep - Dic 2024\Computacion Grafica\Proyectos VSCode\Object.cpp(11,22): warning C4305: 'initializing': truncation from 'double' to 'float'
C:\Users\gabri\OneDrive\Documents\USB\Sep - Dic 2024\Computacion Grafica\Proyectos VSCode\Object.cpp(47,28): warning C4244: 'initializing': conversion from 'double' to 'float', possible loss of data
C:\Users\gabri\OneDrive\Documents\USB\Sep - Dic 2024\Computacion Grafica\Proyectos VSCode\Object.cpp(48,28): warning C4244: 'initializing': conversion from 'double' to 'float', possible loss of data
  Shader.cpp
  ElementBuffer.cpp
  stb.cpp
  Texture.cpp
  VertexArray.cpp
C:\Users\gabri\OneDrive\Documents\USB\Sep - Dic 2024\Computacion Grafica\Proyectos VSCode\VertexArray.cpp(11,63): warning C4244: 'argument': conversion from 'GLsizeiptr' to 'GLsizei', possible loss of data
  VertexBuffer.cpp
  Generating Code...
  glad.c
  LINK : C:\Users\gabri\OneDrive\Documents\USB\Sep - Dic 2024\Computacion Grafica\Proyectos VSCode\x64\Debug\GL_FCC.exe not found or not built by the last incremental link; performing full link
glfw3.lib(input.obj) : warning LNK4099: PDB '' was not found with 'glfw3.lib(input.obj)' or at ''; linking object as if no debug info
glfw3.lib(init.obj) : warning LNK4099: PDB '' was not found with 'glfw3.lib(init.obj)' or at ''; linking object as if no debug info
glfw3.lib(window.obj) : warning LNK4099: PDB '' was not found with 'glfw3.lib(window.obj)' or at ''; linking object as if no debug info
glfw3.lib(context.obj) : warning LNK4099: PDB '' was not found with 'glfw3.lib(context.obj)' or at ''; linking object as if no debug info
glfw3.lib(win32_window.obj) : warning LNK4099: PDB '' was not found with 'glfw3.lib(win32_window.obj)' or at ''; linking object as if no debug info
glfw3.lib(win32_joystick.obj) : warning LNK4099: PDB '' was not found with 'glfw3.lib(win32_joystick.obj)' or at ''; linking object as if no debug info
glfw3.lib(win32_time.obj) : warning LNK4099: PDB '' was not found with 'glfw3.lib(win32_time.obj)' or at ''; linking object as if no debug info
glfw3.lib(win32_init.obj) : warning LNK4099: PDB '' was not found with 'glfw3.lib(win32_init.obj)' or at ''; linking object as if no debug info
glfw3.lib(win32_monitor.obj) : warning LNK4099: PDB '' was not found with 'glfw3.lib(win32_monitor.obj)' or at ''; linking object as if no debug info
glfw3.lib(win32_thread.obj) : warning LNK4099: PDB '' was not found with 'glfw3.lib(win32_thread.obj)' or at ''; linking object as if no debug info
glfw3.lib(monitor.obj) : warning LNK4099: PDB '' was not found with 'glfw3.lib(monitor.obj)' or at ''; linking object as if no debug info
glfw3.lib(vulkan.obj) : warning LNK4099: PDB '' was not found with 'glfw3.lib(vulkan.obj)' or at ''; linking object as if no debug info
glfw3.lib(wgl_context.obj) : warning LNK4099: PDB '' was not found with 'glfw3.lib(wgl_context.obj)' or at ''; linking object as if no debug info
glfw3.lib(egl_context.obj) : warning LNK4099: PDB '' was not found with 'glfw3.lib(egl_context.obj)' or at ''; linking object as if no debug info
glfw3.lib(osmesa_context.obj) : warning LNK4099: PDB '' was not found with 'glfw3.lib(osmesa_context.obj)' or at ''; linking object as if no debug info
  GL_FCC.vcxproj -> C:\Users\gabri\OneDrive\Documents\USB\Sep - Dic 2024\Computacion Grafica\Proyectos VSCode\x64\Debug\GL_FCC.exe
